<?xml version="1.0" encoding="UTF-8"?>
<testsuite name="com.example.springsecurity.service.impl.RatingServiceImplTest" tests="3" skipped="0" failures="0" errors="0" timestamp="2024-07-30T06:31:16" hostname="E-AA-2Y5HDK3-L" time="0.086">
  <properties/>
  <testcase name="testAddRatingToProduct()" classname="com.example.springsecurity.service.impl.RatingServiceImplTest" time="0.074"/>
  <testcase name="testAddRatingToProduct_CustomerNotFound()" classname="com.example.springsecurity.service.impl.RatingServiceImplTest" time="0.004"/>
  <testcase name="testAddRatingToProduct_ProductNotFound()" classname="com.example.springsecurity.service.impl.RatingServiceImplTest" time="0.006"/>
  <system-out><![CDATA[]]></system-out>
  <system-err><![CDATA[]]></system-err>
</testsuite>
