<?xml version="1.0" encoding="UTF-8"?>
<testsuite name="com.example.springsecurity.service.impl.CustomerFinderServiceTest" tests="2" skipped="0" failures="0" errors="0" timestamp="2024-07-30T06:31:13" hostname="E-AA-2Y5HDK3-L" time="0.012">
  <properties/>
  <testcase name="testFindCustomerById_CustomerNotFound()" classname="com.example.springsecurity.service.impl.CustomerFinderServiceTest" time="0.009"/>
  <testcase name="testFindCustomerById_Success()" classname="com.example.springsecurity.service.impl.CustomerFinderServiceTest" time="0.003"/>
  <system-out><![CDATA[]]></system-out>
  <system-err><![CDATA[]]></system-err>
</testsuite>
