<?xml version="1.0" encoding="UTF-8"?>
<testsuite name="com.example.springsecurity.service.impl.CardServiceImplTest" tests="10" skipped="0" failures="0" errors="0" timestamp="2024-07-30T06:31:12" hostname="E-AA-2Y5HDK3-L" time="0.759">
  <properties/>
  <testcase name="testIsCardNotExpired()" classname="com.example.springsecurity.service.impl.CardServiceImplTest" time="0.603"/>
  <testcase name="testIsCardNumberUnique_UniqueCardNumber()" classname="com.example.springsecurity.service.impl.CardServiceImplTest" time="0.008"/>
  <testcase name="testValidateCardBalance_SufficientBalance()" classname="com.example.springsecurity.service.impl.CardServiceImplTest" time="0.014"/>
  <testcase name="testDecreaseFromCardBalance_EnoughBalance()" classname="com.example.springsecurity.service.impl.CardServiceImplTest" time="0.025"/>
  <testcase name="testIsCardNumberUnique_NonUniqueCardNumber()" classname="com.example.springsecurity.service.impl.CardServiceImplTest" time="0.007"/>
  <testcase name="testAddCardToCustomer_CardAlreadyExists()" classname="com.example.springsecurity.service.impl.CardServiceImplTest" time="0.033"/>
  <testcase name="testAddCardToCustomer()" classname="com.example.springsecurity.service.impl.CardServiceImplTest" time="0.027"/>
  <testcase name="testIsCardExpired()" classname="com.example.springsecurity.service.impl.CardServiceImplTest" time="0.006"/>
  <testcase name="testValidateCardBalance_InsufficientBalance()" classname="com.example.springsecurity.service.impl.CardServiceImplTest" time="0.007"/>
  <testcase name="testDecreaseFromCardBalance_InsufficientBalance()" classname="com.example.springsecurity.service.impl.CardServiceImplTest" time="0.008"/>
  <system-out><![CDATA[]]></system-out>
  <system-err><![CDATA[]]></system-err>
</testsuite>
