<?xml version="1.0" encoding="UTF-8"?>
<testsuite name="com.example.springsecurity.service.impl.CustomerUserDetailsServiceTest" tests="4" skipped="0" failures="0" errors="0" timestamp="2024-07-30T06:31:13" hostname="E-AA-2Y5HDK3-L" time="0.14">
  <properties/>
  <testcase name="testLoadUserByUsername()" classname="com.example.springsecurity.service.impl.CustomerUserDetailsServiceTest" time="0.122"/>
  <testcase name="testLoadUserByUsername_UserNotFound()" classname="com.example.springsecurity.service.impl.CustomerUserDetailsServiceTest" time="0.005"/>
  <testcase name="testLoadUserById_UserFound()" classname="com.example.springsecurity.service.impl.CustomerUserDetailsServiceTest" time="0.005"/>
  <testcase name="testLoadUserById_UserNotFound()" classname="com.example.springsecurity.service.impl.CustomerUserDetailsServiceTest" time="0.005"/>
  <system-out><![CDATA[]]></system-out>
  <system-err><![CDATA[]]></system-err>
</testsuite>
