<?xml version="1.0" encoding="UTF-8"?>
<testsuite name="com.example.springsecurity.service.impl.RegistrationServiceImplTest" tests="2" skipped="0" failures="0" errors="0" timestamp="2024-07-30T06:31:16" hostname="E-AA-2Y5HDK3-L" time="0.061">
  <properties/>
  <testcase name="testRegister_NewUser()" classname="com.example.springsecurity.service.impl.RegistrationServiceImplTest" time="0.056"/>
  <testcase name="testRegister_UserAlreadyExists()" classname="com.example.springsecurity.service.impl.RegistrationServiceImplTest" time="0.005"/>
  <system-out><![CDATA[]]></system-out>
  <system-err><![CDATA[]]></system-err>
</testsuite>
