<?xml version="1.0" encoding="UTF-8"?>
<testsuite name="com.example.springsecurity.service.impl.OrderServiceImplTest" tests="34" skipped="0" failures="0" errors="0" timestamp="2024-07-30T06:31:14" hostname="E-AA-2Y5HDK3-L" time="0.695">
  <properties/>
  <testcase name="testInsufficientQuantityException()" classname="com.example.springsecurity.service.impl.OrderServiceImplTest" time="0.345"/>
  <testcase name="testSaveOrderProduct()" classname="com.example.springsecurity.service.impl.OrderServiceImplTest" time="0.009"/>
  <testcase name="testValidateOrderBelongsToCustomer_OrderBelongsToCustomer()" classname="com.example.springsecurity.service.impl.OrderServiceImplTest" time="0.011"/>
  <testcase name="checkOrderPaymentStatus_OrderNotExists_DoesNotCancelOrder()" classname="com.example.springsecurity.service.impl.OrderServiceImplTest" time="0.016"/>
  <testcase name="testValidateOrder_OrderCancelled()" classname="com.example.springsecurity.service.impl.OrderServiceImplTest" time="0.02"/>
  <testcase name="testValidateOrder_OrderNotPaidAndNotCancelled()" classname="com.example.springsecurity.service.impl.OrderServiceImplTest" time="0.009"/>
  <testcase name="testUpdateOrderStatus()" classname="com.example.springsecurity.service.impl.OrderServiceImplTest" time="0.005"/>
  <testcase name="markOrderAsDelivered_OrderNotFound_ThrowsNotFoundException()" classname="com.example.springsecurity.service.impl.OrderServiceImplTest" time="0.012"/>
  <testcase name="testInsufficientBalanceException()" classname="com.example.springsecurity.service.impl.OrderServiceImplTest" time="0.014"/>
  <testcase name="testGetOrderOrThrow_OrderNotExists()" classname="com.example.springsecurity.service.impl.OrderServiceImplTest" time="0.009"/>
  <testcase name="testCreateOrder()" classname="com.example.springsecurity.service.impl.OrderServiceImplTest" time="0.006"/>
  <testcase name="markOrderAsDelivered_OrderExistsAndNotDelivered_StatusUpdatedToDelivered()" classname="com.example.springsecurity.service.impl.OrderServiceImplTest" time="0.008"/>
  <testcase name="checkOrderPaymentStatus_OrderExistsAndNotPaid_CancelsOrder()" classname="com.example.springsecurity.service.impl.OrderServiceImplTest" time="0.006"/>
  <testcase name="testFindOrdersByCustomerID_NoOrders()" classname="com.example.springsecurity.service.impl.OrderServiceImplTest" time="0.006"/>
  <testcase name="testGetOrderResponse()" classname="com.example.springsecurity.service.impl.OrderServiceImplTest" time="0.009"/>
  <testcase name="testMakeOrderWithValidCard()" classname="com.example.springsecurity.service.impl.OrderServiceImplTest" time="0.017"/>
  <testcase name="testGetOrderOrThrow_OrderExists()" classname="com.example.springsecurity.service.impl.OrderServiceImplTest" time="0.007"/>
  <testcase name="testValidateOrderBelongsToCustomer_OrderDoesNotBelongToCustomer()" classname="com.example.springsecurity.service.impl.OrderServiceImplTest" time="0.007"/>
  <testcase name="testCalculateTotalAmount_NoDiscount()" classname="com.example.springsecurity.service.impl.OrderServiceImplTest" time="0.006"/>
  <testcase name="testMakeOrderForDiscountedProduct_InvalidProduct()" classname="com.example.springsecurity.service.impl.OrderServiceImplTest" time="0.012"/>
  <testcase name="checkOrderPaymentStatus_OrderExistsAndPaid_DoesNotCancelOrder()" classname="com.example.springsecurity.service.impl.OrderServiceImplTest" time="0.006"/>
  <testcase name="getAllOrders_ReturnsEmptyList_WhenNoOrdersFound()" classname="com.example.springsecurity.service.impl.OrderServiceImplTest" time="0.008"/>
  <testcase name="testFindOrdersByCustomerID()" classname="com.example.springsecurity.service.impl.OrderServiceImplTest" time="0.007"/>
  <testcase name="testMakeOrder_InsufficientBalance()" classname="com.example.springsecurity.service.impl.OrderServiceImplTest" time="0.009"/>
  <testcase name="testCalculateTotalAmount()" classname="com.example.springsecurity.service.impl.OrderServiceImplTest" time="0.006"/>
  <testcase name="makeOrder_InsufficientProductQuantity()" classname="com.example.springsecurity.service.impl.OrderServiceImplTest" time="0.009"/>
  <testcase name="testMakeOrderWithCard_InsufficientProductQuantity()" classname="com.example.springsecurity.service.impl.OrderServiceImplTest" time="0.009"/>
  <testcase name="testMakeOrderForDiscountedProduct()" classname="com.example.springsecurity.service.impl.OrderServiceImplTest" time="0.011"/>
  <testcase name="markOrderAsDelivered_OrderAlreadyDelivered_ThrowsOrderDeliveredException()" classname="com.example.springsecurity.service.impl.OrderServiceImplTest" time="0.007"/>
  <testcase name="scheduleOrderPaymentCheck_Test()" classname="com.example.springsecurity.service.impl.OrderServiceImplTest" time="0.006"/>
  <testcase name="getAllOrders_ReturnsListOfOrderDto()" classname="com.example.springsecurity.service.impl.OrderServiceImplTest" time="0.003"/>
  <testcase name="testMakeOrder()" classname="com.example.springsecurity.service.impl.OrderServiceImplTest" time="0.016"/>
  <testcase name="testValidateOrder_OrderAlreadyPaid()" classname="com.example.springsecurity.service.impl.OrderServiceImplTest" time="0.009"/>
  <testcase name="makeOrderWithExpiredCard()" classname="com.example.springsecurity.service.impl.OrderServiceImplTest" time="0.01"/>
  <system-out><![CDATA[]]></system-out>
  <system-err><![CDATA[]]></system-err>
</testsuite>
