<?xml version="1.0" encoding="UTF-8"?>
<testsuite name="com.example.springsecurity.service.impl.OrderProductServiceImplTest" tests="1" skipped="0" failures="0" errors="0" timestamp="2024-07-30T06:31:14" hostname="E-AA-2Y5HDK3-L" time="0.002">
  <properties/>
  <testcase name="testFindOrderProductsByOrderId()" classname="com.example.springsecurity.service.impl.OrderProductServiceImplTest" time="0.002"/>
  <system-out><![CDATA[]]></system-out>
  <system-err><![CDATA[]]></system-err>
</testsuite>
