<?xml version="1.0" encoding="UTF-8"?>
<testsuite name="com.example.springsecurity.service.impl.ProductInventoryServiceTest" tests="5" skipped="0" failures="0" errors="0" timestamp="2024-07-30T06:31:15" hostname="E-AA-2Y5HDK3-L" time="0.034">
  <properties/>
  <testcase name="testIncreaseProductCount()" classname="com.example.springsecurity.service.impl.ProductInventoryServiceTest" time="0.011"/>
  <testcase name="testValidateProductQuantities_InsufficientQuantity()" classname="com.example.springsecurity.service.impl.ProductInventoryServiceTest" time="0.009"/>
  <testcase name="testDecreaseProductCount()" classname="com.example.springsecurity.service.impl.ProductInventoryServiceTest" time="0.004"/>
  <testcase name="testGetProductQuantities()" classname="com.example.springsecurity.service.impl.ProductInventoryServiceTest" time="0.004"/>
  <testcase name="testValidateProductQuantities_SufficientQuantity()" classname="com.example.springsecurity.service.impl.ProductInventoryServiceTest" time="0.003"/>
  <system-out><![CDATA[]]></system-out>
  <system-err><![CDATA[]]></system-err>
</testsuite>
