<?xml version="1.0" encoding="UTF-8"?>
<testsuite name="com.example.springsecurity.service.impl.ImageServiceImplTest" tests="9" skipped="0" failures="0" errors="0" timestamp="2024-07-30T06:31:13" hostname="E-AA-2Y5HDK3-L" time="0.232">
  <properties/>
  <testcase name="testValidateAndCleanFileName_InvalidExtension()" classname="com.example.springsecurity.service.impl.ImageServiceImplTest" time="0.127"/>
  <testcase name="testCreateDirectoriesIfNotExists_DirectoryAlreadyExists()" classname="com.example.springsecurity.service.impl.ImageServiceImplTest" time="0.034"/>
  <testcase name="testSaveImage_Successful()" classname="com.example.springsecurity.service.impl.ImageServiceImplTest" time="0.024"/>
  <testcase name="testChangeImage_Successful()" classname="com.example.springsecurity.service.impl.ImageServiceImplTest" time="0.016"/>
  <testcase name="testChangeImage_InvalidFileExtension()" classname="com.example.springsecurity.service.impl.ImageServiceImplTest" time="0.005"/>
  <testcase name="testSaveImage_InvalidExtension()" classname="com.example.springsecurity.service.impl.ImageServiceImplTest" time="0.005"/>
  <testcase name="testValidateAndCleanFileName_ValidExtension()" classname="com.example.springsecurity.service.impl.ImageServiceImplTest" time="0.002"/>
  <testcase name="testGetUploadPath_Success()" classname="com.example.springsecurity.service.impl.ImageServiceImplTest" time="0.004"/>
  <testcase name="testChangeImage_ProductNotFound()" classname="com.example.springsecurity.service.impl.ImageServiceImplTest" time="0.004"/>
  <system-out><![CDATA[]]></system-out>
  <system-err><![CDATA[]]></system-err>
</testsuite>
