<?xml version="1.0" encoding="UTF-8"?>
<testsuite name="com.example.springsecurity.service.impl.CustomerDiscountServiceImplTest" tests="3" skipped="0" failures="0" errors="0" timestamp="2024-07-30T06:31:13" hostname="E-AA-2Y5HDK3-L" time="0.363">
  <properties/>
  <testcase name="testNoDiscountAppliedWhenDiceRollsAreNotSix()" classname="com.example.springsecurity.service.impl.CustomerDiscountServiceImplTest" time="0.338"/>
  <testcase name="testExceptionThrownWhenDiscountAlreadyApplied()" classname="com.example.springsecurity.service.impl.CustomerDiscountServiceImplTest" time="0.005"/>
  <testcase name="testApplyDiscountWhenDiceRollsAreSix()" classname="com.example.springsecurity.service.impl.CustomerDiscountServiceImplTest" time="0.017"/>
  <system-out><![CDATA[]]></system-out>
  <system-err><![CDATA[]]></system-err>
</testsuite>
