<?xml version="1.0" encoding="UTF-8"?>
<testsuite name="com.example.springsecurity.service.impl.PaymentServiceImplTest" tests="5" skipped="0" failures="0" errors="0" timestamp="2024-07-30T06:31:15" hostname="E-AA-2Y5HDK3-L" time="0.168">
  <properties/>
  <testcase name="testProcessPaymentWithPayPal()" classname="com.example.springsecurity.service.impl.PaymentServiceImplTest" time="0.139"/>
  <testcase name="testSaveCreditCardPayment()" classname="com.example.springsecurity.service.impl.PaymentServiceImplTest" time="0.007"/>
  <testcase name="testCreatePayment()" classname="com.example.springsecurity.service.impl.PaymentServiceImplTest" time="0.003"/>
  <testcase name="processPaymentWithCard_Success()" classname="com.example.springsecurity.service.impl.PaymentServiceImplTest" time="0.009"/>
  <testcase name="testSavePayPalPayment()" classname="com.example.springsecurity.service.impl.PaymentServiceImplTest" time="0.006"/>
  <system-out><![CDATA[]]></system-out>
  <system-err><![CDATA[]]></system-err>
</testsuite>
