<?xml version="1.0" encoding="UTF-8"?>
<testsuite name="com.example.springsecurity.service.impl.CustomerServiceImplTest" tests="10" skipped="0" failures="0" errors="0" timestamp="2024-07-30T06:31:13" hostname="E-AA-2Y5HDK3-L" time="0.146">
  <properties/>
  <testcase name="testGetCustomerCardByIdCardNotFound()" classname="com.example.springsecurity.service.impl.CustomerServiceImplTest" time="0.009"/>
  <testcase name="testGetCustomerRegistrationsByYear()" classname="com.example.springsecurity.service.impl.CustomerServiceImplTest" time="0.066"/>
  <testcase name="testGetCustomerCardById_CardExists()" classname="com.example.springsecurity.service.impl.CustomerServiceImplTest" time="0.005"/>
  <testcase name="testGetAllCustomer()" classname="com.example.springsecurity.service.impl.CustomerServiceImplTest" time="0.008"/>
  <testcase name="testSearchCustomers()" classname="com.example.springsecurity.service.impl.CustomerServiceImplTest" time="0.005"/>
  <testcase name="testGetCustomerById_CustomerFound()" classname="com.example.springsecurity.service.impl.CustomerServiceImplTest" time="0.004"/>
  <testcase name="testGetCustomerCardById_CardNotFound()" classname="com.example.springsecurity.service.impl.CustomerServiceImplTest" time="0.005"/>
  <testcase name="testGetCustomerByUsername_NotFound()" classname="com.example.springsecurity.service.impl.CustomerServiceImplTest" time="0.026"/>
  <testcase name="testGetCustomerCardById()" classname="com.example.springsecurity.service.impl.CustomerServiceImplTest" time="0.003"/>
  <testcase name="testGetCustomerByUsername_Found()" classname="com.example.springsecurity.service.impl.CustomerServiceImplTest" time="0.003"/>
  <system-out><![CDATA[]]></system-out>
  <system-err><![CDATA[]]></system-err>
</testsuite>
