<?xml version="1.0" encoding="UTF-8"?>
<testsuite name="com.example.springsecurity.service.impl.ProductServiceImplTest" tests="24" skipped="0" failures="0" errors="0" timestamp="2024-07-30T06:31:15" hostname="E-AA-2Y5HDK3-L" time="0.483">
  <properties/>
  <testcase name="testApplyDiscount()" classname="com.example.springsecurity.service.impl.ProductServiceImplTest" time="0.13"/>
  <testcase name="testGetTotalProductSalesRevenueByYear()" classname="com.example.springsecurity.service.impl.ProductServiceImplTest" time="0.058"/>
  <testcase name="testDecreaseCount_Success()" classname="com.example.springsecurity.service.impl.ProductServiceImplTest" time="0.008"/>
  <testcase name="testDecreaseCount_InsufficientQuantity()" classname="com.example.springsecurity.service.impl.ProductServiceImplTest" time="0.008"/>
  <testcase name="testGetProductDto()" classname="com.example.springsecurity.service.impl.ProductServiceImplTest" time="0.003"/>
  <testcase name="testUpdateProduct_Success()" classname="com.example.springsecurity.service.impl.ProductServiceImplTest" time="0.006"/>
  <testcase name="testAddProductToCategory_ProductAlreadyExists()" classname="com.example.springsecurity.service.impl.ProductServiceImplTest" time="0.062"/>
  <testcase name="testSearchProductByName_EmptyResult()" classname="com.example.springsecurity.service.impl.ProductServiceImplTest" time="0.004"/>
  <testcase name="testAddProductToCategory_Success()" classname="com.example.springsecurity.service.impl.ProductServiceImplTest" time="0.006"/>
  <testcase name="testCountSoldProductsByYear()" classname="com.example.springsecurity.service.impl.ProductServiceImplTest" time="0.053"/>
  <testcase name="testDiscountCannotBeAppliedWhenQuantityIsTen()" classname="com.example.springsecurity.service.impl.ProductServiceImplTest" time="0.003"/>
  <testcase name="testGetProductRating_ProductFoundWithRatings()" classname="com.example.springsecurity.service.impl.ProductServiceImplTest" time="0.005"/>
  <testcase name="testFindProductsByOrderId_Success()" classname="com.example.springsecurity.service.impl.ProductServiceImplTest" time="0.004"/>
  <testcase name="testDiscountCannotBeAppliedWhenQuantityIsLessThanTen()" classname="com.example.springsecurity.service.impl.ProductServiceImplTest" time="0.005"/>
  <testcase name="testGetAllProducts()" classname="com.example.springsecurity.service.impl.ProductServiceImplTest" time="0.008"/>
  <testcase name="testDiscountCanBeAppliedWhenQuantityIsGreaterThanTen()" classname="com.example.springsecurity.service.impl.ProductServiceImplTest" time="0.003"/>
  <testcase name="testSearchProductByName()" classname="com.example.springsecurity.service.impl.ProductServiceImplTest" time="0.005"/>
  <testcase name="testGetProductSalesStatistics()" classname="com.example.springsecurity.service.impl.ProductServiceImplTest" time="0.056"/>
  <testcase name="testRemoveDiscount()" classname="com.example.springsecurity.service.impl.ProductServiceImplTest" time="0.002"/>
  <testcase name="testFindProductsByCategoryId_Success()" classname="com.example.springsecurity.service.impl.ProductServiceImplTest" time="0.004"/>
  <testcase name="testRemoveNewYearDiscount()" classname="com.example.springsecurity.service.impl.ProductServiceImplTest" time="0.006"/>
  <testcase name="testFindProductById_Success()" classname="com.example.springsecurity.service.impl.ProductServiceImplTest" time="0.005"/>
  <testcase name="testApplyNewYearDiscount()" classname="com.example.springsecurity.service.impl.ProductServiceImplTest" time="0.013"/>
  <testcase name="testDeleteProduct_Success()" classname="com.example.springsecurity.service.impl.ProductServiceImplTest" time="0.004"/>
  <system-out><![CDATA[]]></system-out>
  <system-err><![CDATA[]]></system-err>
</testsuite>
