<?xml version="1.0" encoding="UTF-8"?>
<testsuite name="com.example.springsecurity.service.impl.CategoryServiceImplTest" tests="4" skipped="0" failures="0" errors="0" timestamp="2024-07-30T06:31:13" hostname="E-AA-2Y5HDK3-L" time="0.074">
  <properties/>
  <testcase name="testGetAllCategories()" classname="com.example.springsecurity.service.impl.CategoryServiceImplTest" time="0.056"/>
  <testcase name="testUpdateCategory()" classname="com.example.springsecurity.service.impl.CategoryServiceImplTest" time="0.007"/>
  <testcase name="testCreateCategory()" classname="com.example.springsecurity.service.impl.CategoryServiceImplTest" time="0.003"/>
  <testcase name="testDeleteCategory()" classname="com.example.springsecurity.service.impl.CategoryServiceImplTest" time="0.003"/>
  <system-out><![CDATA[]]></system-out>
  <system-err><![CDATA[]]></system-err>
</testsuite>
