<?xml version="1.0" encoding="UTF-8"?>
<testsuite name="com.example.springsecurity.service.impl.ProductFinderServiceTest" tests="2" skipped="0" failures="0" errors="0" timestamp="2024-07-30T06:31:15" hostname="E-AA-2Y5HDK3-L" time="0.008">
  <properties/>
  <testcase name="testFindProductById_ProductNotFound()" classname="com.example.springsecurity.service.impl.ProductFinderServiceTest" time="0.004"/>
  <testcase name="testFindProductById_ProductFound()" classname="com.example.springsecurity.service.impl.ProductFinderServiceTest" time="0.003"/>
  <system-out><![CDATA[]]></system-out>
  <system-err><![CDATA[]]></system-err>
</testsuite>
