<?xml version="1.0" encoding="UTF-8"?>
<testsuite name="com.example.springsecurity.service.impl.CategoryFinderServiceTest" tests="2" skipped="0" failures="0" errors="0" timestamp="2024-07-30T06:31:12" hostname="E-AA-2Y5HDK3-L" time="0.121">
  <properties/>
  <testcase name="testFindCategoryById_Success()" classname="com.example.springsecurity.service.impl.CategoryFinderServiceTest" time="0.116"/>
  <testcase name="testFindCategoryById_NotFound()" classname="com.example.springsecurity.service.impl.CategoryFinderServiceTest" time="0.004"/>
  <system-out><![CDATA[]]></system-out>
  <system-err><![CDATA[]]></system-err>
</testsuite>
